<?xml version="1.0" encoding="UTF-8"?>
<!-- Generated by org.testng.reporters.JUnitXMLReporter -->
<testsuite hostname="DESKTOP-APKP2PU" ignored="0" name="Test" tests="1" failures="1" timestamp="07 Jun 2020 17:53:00 GMT" time="17.826" errors="0">
  <testcase name="feature" time="17.605" classname="com.demotest.testRunner.TestRunner">
    <failure type="cucumber.runtime.CucumberException" message="Step [user fills the billing details and places the order] is defined with 0 parameters at &amp;apos;com.testdemo.stepdefinition.EndToEndShoppingSteps.user_fills_the_billing_details_and_places_the_order() in file:/C:/Users/Chandan%20Ghosh/eclipse-workspace/CucumberLearning/target/classes/&amp;apos;.
However, the gherkin step has 1 arguments:
 * Table:
      | First Name | LAST NAME | COMPANY | STREET   | TOWN  | POSTCODE |
      | Chandan    | Ghosh     | TTN     | SARFABAD | NOIDA | 201301   |

Step text: user fills the billing details and places the order">
      <![CDATA[cucumber.runtime.CucumberException: Step [user fills the billing details and places the order] is defined with 0 parameters at 'com.testdemo.stepdefinition.EndToEndShoppingSteps.user_fills_the_billing_details_and_places_the_order() in file:/C:/Users/Chandan%20Ghosh/eclipse-workspace/CucumberLearning/target/classes/'.
However, the gherkin step has 1 arguments:
 * Table:
      | First Name | LAST NAME | COMPANY | STREET   | TOWN  | POSTCODE |
      | Chandan    | Ghosh     | TTN     | SARFABAD | NOIDA | 201301   |

Step text: user fills the billing details and places the order
at cucumber.runner.PickleStepDefinitionMatch.arityMismatch(PickleStepDefinitionMatch.java:84)
at cucumber.runner.PickleStepDefinitionMatch.runStep(PickleStepDefinitionMatch.java:36)
at cucumber.runner.TestStep.executeStep(TestStep.java:63)
at cucumber.runner.TestStep.run(TestStep.java:49)
at cucumber.runner.PickleStepTestStep.run(PickleStepTestStep.java:43)
at cucumber.runner.TestCase.run(TestCase.java:44)
at cucumber.runner.Runner.runPickle(Runner.java:40)
at cucumber.api.testng.TestNGCucumberRunner.runScenario(TestNGCucumberRunner.java:68)
at com.demotest.testRunner.TestRunner.feature(TestRunner.java:64)
... Removed 28 stack frames]]>
    </failure>
  </testcase> <!-- feature -->
</testsuite> <!-- Test -->
